<?xml version="1.0" encoding="UTF-8"?>
<testsuite name="game.WordleTest" tests="9" skipped="0" failures="0" errors="0" timestamp="2023-02-24T04:49:06" hostname="Eithans-MacBook-Pro.local" time="0.032">
  <properties/>
  <testcase name="playGameWithTargetFAVORGuessFAVORLoseAtAllAttempts()" classname="game.WordleTest" time="0.025"/>
  <testcase name="playGameWithTargetFAVORGuessFAVORWinAtAllAttempts()" classname="game.WordleTest" time="0.001"/>
  <testcase name="canary()" classname="game.WordleTest" time="0.0"/>
  <testcase name="playGameWithTargetFAVORGuessDEAL()" classname="game.WordleTest" time="0.0"/>
  <testcase name="tallyForTargetSKILLguessALL()" classname="game.WordleTest" time="0.0"/>
  <testcase name="playGameWithTargetFAVORGuessFAVOR()" classname="game.WordleTest" time="0.0"/>
  <testcase name="playGameWithTargetFAVORGuessTESTS()" classname="game.WordleTest" time="0.001"/>
  <testcase name="guessIsInvalidLength()" classname="game.WordleTest" time="0.0"/>
  <testcase name="tallyForTargetANYguessALL()" classname="game.WordleTest" time="0.0"/>
  <system-out><![CDATA[]]></system-out>
  <system-err><![CDATA[]]></system-err>
</testsuite>
